app/build/intermediates/manifest_merge_blame_file/debug/manifest-merger-blame-debug-report.txt
1<?xml version="1.0" encoding="utf-8"?>
2<manifest xmlns:android="http://schemas.android.com/apk/res/android"
3    package="com.personnalize_design.meals"
4    android:versionCode="1"
5    android:versionName="1.0" >
6
7    <uses-sdk
8        android:minSdkVersion="15"
8-->src\main\AndroidManifest.xml
9        android:targetSdkVersion="29" />
9-->src\main\AndroidManifest.xml
10
11    <uses-permission android:name="android.permission.ACCESS_NETWORK_STATE" />
11-->src\main\AndroidManifest.xml:5:5-79
11-->src\main\AndroidManifest.xml:5:22-76
12    <uses-permission android:name="android.permission.INTERNET" />
12-->src\main\AndroidManifest.xml:6:5-67
12-->src\main\AndroidManifest.xml:6:22-64
13
14    <application
14-->src\main\AndroidManifest.xml:8:5-46:19
15        android:name="com.personnalize_design.meals.di.App"
15-->src\main\AndroidManifest.xml:9:9-31
16        android:allowBackup="true"
16-->src\main\AndroidManifest.xml:10:9-35
17        android:appComponentFactory="androidx.core.app.CoreComponentFactory"
17-->[androidx.core:core:1.2.0] AndroidManifest.xml:24:18-86
18        android:debuggable="true"
19        android:icon="@mipmap/ic_launcher"
19-->src\main\AndroidManifest.xml:11:9-43
20        android:label="@string/app_name"
20-->src\main\AndroidManifest.xml:12:9-41
21        android:roundIcon="@mipmap/ic_launcher_round"
21-->src\main\AndroidManifest.xml:13:9-54
22        android:supportsRtl="true"
22-->src\main\AndroidManifest.xml:14:9-35
23        android:testOnly="true"
24        android:theme="@style/AppTheme" >
24-->src\main\AndroidManifest.xml:15:9-40
25        <activity android:name="com.personnalize_design.meals.ui.search.SearchCompany" >
25-->src\main\AndroidManifest.xml:16:9-24:20
25-->src\main\AndroidManifest.xml:16:19-58
26            <intent-filter>
26-->src\main\AndroidManifest.xml:17:13-19:29
27                <action android:name="android.intent.action.SEARCH" />
27-->src\main\AndroidManifest.xml:18:17-71
27-->src\main\AndroidManifest.xml:18:25-68
28            </intent-filter>
29
30            <meta-data
30-->src\main\AndroidManifest.xml:21:13-23:54
31                android:name="android.app.searchable"
31-->src\main\AndroidManifest.xml:22:17-54
32                android:resource="@xml/searchable" />
32-->src\main\AndroidManifest.xml:23:17-51
33        </activity>
34        <activity
34-->src\main\AndroidManifest.xml:25:9-27:52
35            android:name="com.personnalize_design.meals.ui.menu_quantity.MenuQuantityActivity"
35-->src\main\AndroidManifest.xml:26:13-66
36            android:screenOrientation="portrait" />
36-->src\main\AndroidManifest.xml:27:13-49
37        <activity
37-->src\main\AndroidManifest.xml:28:9-30:52
38            android:name="com.personnalize_design.meals.ui.meal_addition.AccompagnementScreen"
38-->src\main\AndroidManifest.xml:29:13-66
39            android:screenOrientation="portrait" />
39-->src\main\AndroidManifest.xml:30:13-49
40        <activity
40-->src\main\AndroidManifest.xml:31:9-36:20
41            android:name="com.personnalize_design.meals.ui.day_menu.MainScreenActivity"
41-->src\main\AndroidManifest.xml:32:13-59
42            android:screenOrientation="portrait" >
42-->src\main\AndroidManifest.xml:33:13-49
43            <meta-data
43-->src\main\AndroidManifest.xml:34:13-35:59
44                android:name="android.app.default_searchable"
44-->src\main\AndroidManifest.xml:34:24-69
45                android:value=".ui.search.SearchCompany" />
45-->src\main\AndroidManifest.xml:35:17-57
46        </activity>
47        <activity
47-->src\main\AndroidManifest.xml:37:9-45:20
48            android:name="com.personnalize_design.meals.ui.main.MainActivity"
48-->src\main\AndroidManifest.xml:38:13-49
49            android:screenOrientation="portrait" >
49-->src\main\AndroidManifest.xml:39:13-49
50            <intent-filter>
50-->src\main\AndroidManifest.xml:40:13-44:29
51                <action android:name="android.intent.action.MAIN" />
51-->src\main\AndroidManifest.xml:41:17-69
51-->src\main\AndroidManifest.xml:41:25-66
52
53                <category android:name="android.intent.category.LAUNCHER" />
53-->src\main\AndroidManifest.xml:43:17-77
53-->src\main\AndroidManifest.xml:43:27-74
54            </intent-filter>
55        </activity>
56
57        <service
57-->[androidx.room:room-runtime:2.2.3] AndroidManifest.xml:25:9-27:40
58            android:name="androidx.room.MultiInstanceInvalidationService"
58-->[androidx.room:room-runtime:2.2.3] AndroidManifest.xml:26:13-74
59            android:exported="false" />
59-->[androidx.room:room-runtime:2.2.3] AndroidManifest.xml:27:13-37
60    </application>
61
62</manifest>